[09:41:18] [User Authenticator #39/INFO]: UUID of player Chimkie is f3081e82-6d6a-4fd0-8a8a-986260b7c8c5
[09:41:18] [Server thread/INFO]: Chimkie[/50.90.244.245:65231] logged in with entity id 800534 at (-138.67631312604198, 156.87974724404455, -718.8397171530922)
[09:41:18] [Server thread/INFO]: Chimkie joined the game
[10:00:31] [Server thread/INFO]: Chimkie has made the advancement [We Need to Go Deeper]
[10:16:13] [User Authenticator #40/INFO]: UUID of player LLLLION is 2e0aec38-c49b-4de7-a4a4-60843fece7b1
[10:16:13] [Server thread/INFO]: LLLLION[/104.222.17.65:49385] logged in with entity id 804500 at (-103.92275401057461, 89.6396514593672, -764.8423627643924)
[10:16:13] [Server thread/INFO]: LLLLION joined the game
[10:16:42] [Server thread/INFO]: <Chimkie> 我在DC
[10:18:16] [Server thread/INFO]: [LLLLION: Set own game mode to Survival Mode]
[10:18:27] [Server thread/WARN]: LLLLION moved too quickly! 0.11045510365731559,-10.294223060125887,-0.05383192838405648
[10:18:28] [Server thread/WARN]: Chimkie moved too quickly! 0.02950201528830121,-10.323616433447484,-0.06350872163613985
[10:20:08] [Server thread/INFO]: [LLLLION: Set own game mode to Creative Mode]
[10:32:21] [Server thread/INFO]: Chimkie lost connection: Disconnected
[10:32:21] [Server thread/INFO]: Chimkie left the game
[10:52:43] [Server thread/INFO]: LLLLION lost connection: Disconnected
[10:52:43] [Server thread/INFO]: LLLLION left the game
[14:30:57] [User Authenticator #41/INFO]: UUID of player AnewSarah is 6a66661a-236b-4b5d-b856-6b5ca6d1382c
[14:30:57] [Server thread/INFO]: AnewSarah[/50.99.8.119:58974] logged in with entity id 811057 at (-85.52085800768162, 63.0, -681.9281667351601)
[14:30:57] [Server thread/INFO]: AnewSarah joined the game
[14:36:54] [Server thread/INFO]: [AnewSarah: Teleported AnewSarah to -995.500000, 43.000000, 1787.500000]
[14:37:19] [Server thread/INFO]: [AnewSarah: Teleported AnewSarah to -20.500000, 86.000000, -107.500000]
[14:37:28] [User Authenticator #42/INFO]: UUID of player Chimkie is f3081e82-6d6a-4fd0-8a8a-986260b7c8c5
[14:37:28] [Server thread/INFO]: Chimkie[/50.90.244.245:56623] logged in with entity id 813580 at (-129.00287082965156, 154.0, -700.7732135075948)
[14:37:28] [Server thread/INFO]: Chimkie joined the game
[14:53:49] [Server thread/WARN]: Can't keep up! Is the server overloaded? Running 3266ms or 65 ticks behind
[14:54:21] [Server thread/INFO]: [AnewSarah: Teleported AnewSarah to 3488.500000, -54.000000, 560.500000]
[14:54:24] [Server thread/WARN]: Can't keep up! Is the server overloaded? Running 2578ms or 51 ticks behind
[14:54:32] [Server thread/INFO]: [AnewSarah: Set own game mode to Spectator Mode]
[14:56:33] [Server thread/INFO]: [AnewSarah: Set own game mode to Survival Mode]
[14:57:59] [Server thread/INFO]: [AnewSarah: Set own game mode to Creative Mode]
[14:58:12] [Server thread/INFO]: [AnewSarah: Set own game mode to Survival Mode]
[14:59:53] [Server thread/INFO]: [AnewSarah: Set own game mode to Creative Mode]
[15:02:35] [Server thread/INFO]: [AnewSarah: Teleported AnewSarah to Chimkie]
[15:05:30] [Server thread/INFO]: [AnewSarah: Set own game mode to Survival Mode]
[15:09:12] [Server thread/INFO]: Chimkie lost connection: Disconnected
[15:09:12] [Server thread/INFO]: Chimkie left the game
[16:59:48] [Server thread/INFO]: [AnewSarah: Set own game mode to Creative Mode]
[17:13:25] [User Authenticator #43/INFO]: UUID of player LLLLION is 2e0aec38-c49b-4de7-a4a4-60843fece7b1
[17:13:25] [Server thread/INFO]: LLLLION[/104.222.17.65:56591] logged in with entity id 842701 at (-72.00105101470703, 67.82322527012627, -731.4185713073603)
[17:13:25] [Server thread/INFO]: LLLLION joined the game
[17:18:33] [User Authenticator #44/INFO]: UUID of player Dougugu is b811c6c2-74db-4076-958e-3cb38d013018
[17:18:33] [Server thread/INFO]: Dougugu[/50.99.8.119:52407] logged in with entity id 843654 at (-94.25745179857059, 63.0, -683.9288223543259)
[17:18:33] [Server thread/INFO]: Dougugu joined the game
[17:35:44] [Server thread/INFO]: Villager bss['Armorer'/846439, l='ServerLevel[world]', x=-96.80, y=65.00, z=-739.39] died, message: 'Armorer was slain by LLLLION'
[17:38:29] [Server thread/INFO]: Villager bss['Armorer'/846824, l='ServerLevel[world]', x=-99.68, y=65.00, z=-740.74] died, message: 'Armorer was slain by LLLLION'
[17:38:30] [Server thread/INFO]: Villager bss['Armorer'/846828, l='ServerLevel[world]', x=-99.04, y=66.00, z=-739.40] died, message: 'Armorer was slain by LLLLION'
[17:38:35] [Server thread/INFO]: Villager bss['Armorer'/846699, l='ServerLevel[world]', x=-94.66, y=66.00, z=-738.93] died, message: 'Armorer was slain by LLLLION'
[17:40:42] [Server thread/INFO]: Villager bss['Armorer'/847212, l='ServerLevel[world]', x=-97.07, y=65.00, z=-739.50] died, message: 'Armorer was slain by LLLLION'
[17:42:18] [Server thread/INFO]: Villager bss['Weaponsmith'/847364, l='ServerLevel[world]', x=-97.93, y=65.00, z=-743.93] died, message: 'Weaponsmith was slain by LLLLION'
[17:42:20] [Server thread/INFO]: Villager bss['Weaponsmith'/847362, l='ServerLevel[world]', x=-97.93, y=65.00, z=-741.93] died, message: 'Weaponsmith was burnt to a crisp whilst fighting LLLLION'
[17:42:23] [Server thread/INFO]: Villager bss['Armorer'/847326, l='ServerLevel[world]', x=-98.82, y=65.00, z=-739.70] died, message: 'Armorer was burnt to a crisp whilst fighting LLLLION'
[17:42:32] [Server thread/INFO]: Villager bss['Armorer'/847385, l='ServerLevel[world]', x=-94.57, y=66.00, z=-740.46] died, message: 'Armorer was slain by LLLLION'
[17:42:33] [Server thread/INFO]: Villager bss['Weaponsmith'/847340, l='ServerLevel[world]', x=-98.82, y=65.00, z=-739.70] died, message: 'Weaponsmith was slain by LLLLION'
[17:42:34] [Server thread/INFO]: Villager bss['Armorer'/847380, l='ServerLevel[world]', x=-96.42, y=66.00, z=-740.41] died, message: 'Armorer was shot by Dougugu'
[17:43:31] [Server thread/INFO]: Villager bss['Armorer'/847597, l='ServerLevel[world]', x=-99.69, y=65.00, z=-740.21] died, message: 'Armorer was slain by LLLLION'
[17:43:33] [Server thread/INFO]: Villager bss['Weaponsmith'/847571, l='ServerLevel[world]', x=-99.27, y=65.00, z=-742.70] died, message: 'Weaponsmith was slain by LLLLION'
[17:43:34] [Server thread/INFO]: Villager bss['Weaponsmith'/847578, l='ServerLevel[world]', x=-98.70, y=66.31, z=-744.67] died, message: 'Weaponsmith was slain by LLLLION'
[17:47:43] [Server thread/INFO]: [LLLLION: Gave 500 [Emerald] to Dougugu]
[18:11:38] [Server thread/INFO]: Villager bss['Fisherman'/852355, l='ServerLevel[world]', x=-118.12, y=67.25, z=-739.78] died, message: 'Fisherman was slain by LLLLION'
[18:11:39] [Server thread/INFO]: Villager bss['Farmer'/852329, l='ServerLevel[world]', x=-118.07, y=66.00, z=-739.94] died, message: 'Farmer was slain by LLLLION'
[18:12:41] [Server thread/INFO]: Villager bss['Farmer'/852486, l='ServerLevel[world]', x=-118.10, y=66.80, z=-739.71] died, message: 'Farmer was slain by LLLLION'
[18:14:33] [Server thread/INFO]: Villager bss['Farmer'/852789, l='ServerLevel[world]', x=-117.62, y=66.00, z=-740.34] died, message: 'Farmer was slain by LLLLION'
[18:14:34] [Server thread/INFO]: Villager bss['Fisherman'/852733, l='ServerLevel[world]', x=-118.79, y=65.00, z=-739.39] died, message: 'Fisherman was slain by LLLLION'
[18:14:39] [Server thread/INFO]: Villager bss['Farmer'/852643, l='ServerLevel[world]', x=-120.49, y=65.00, z=-739.70] died, message: 'Farmer was slain by LLLLION'
[18:14:41] [Server thread/INFO]: Villager bss['Farmer'/852564, l='ServerLevel[world]', x=-122.70, y=65.00, z=-739.70] died, message: 'Farmer was burnt to a crisp whilst fighting LLLLION'
[18:14:55] [Server thread/INFO]: Villager bss['Fisherman'/852860, l='ServerLevel[world]', x=-118.77, y=65.00, z=-739.60] died, message: 'Fisherman was slain by LLLLION'
[18:15:03] [Server thread/INFO]: Villager bss['Villager'/852863, l='ServerLevel[world]', x=-119.22, y=65.00, z=-740.22] died, message: 'Villager was slain by LLLLION'
[18:15:07] [Server thread/INFO]: Villager bss['Villager'/852795, l='ServerLevel[world]', x=-117.57, y=65.00, z=-732.16] died, message: 'Villager was slain by LLLLION'
[18:18:29] [Server thread/INFO]: [AnewSarah: Teleported Dougugu to -69.500000, 69.000000, -699.500000]
[18:19:27] [Server thread/INFO]: [AnewSarah: Teleported Dougugu to -92.500000, 66.000000, -697.500000]
[18:21:57] [Server thread/INFO]: Villager bss['Villager'/853143, l='ServerLevel[world]', x=-158.58, y=62.50, z=-646.35] died, message: 'Villager was slain by Zombie'
[18:24:20] [Server thread/INFO]: LLLLION lost connection: Disconnected
[18:24:20] [Server thread/INFO]: LLLLION left the game
[19:24:31] [Server thread/INFO]: [AnewSarah: Teleported AnewSarah to Dougugu]
[19:44:56] [User Authenticator #45/INFO]: UUID of player LLLLION is 2e0aec38-c49b-4de7-a4a4-60843fece7b1
[19:44:56] [Server thread/INFO]: LLLLION[/104.222.17.65:55856] logged in with entity id 866361 at (-100.22163596859971, 65.0, -728.2489744787989)
[19:44:56] [Server thread/INFO]: LLLLION joined the game
[19:55:32] [Server thread/INFO]: [LLLLION: Set own game mode to Survival Mode]
[19:55:51] [Server thread/INFO]: [LLLLION: Set own game mode to Spectator Mode]
[19:56:53] [Server thread/INFO]: [LLLLION: Set own game mode to Creative Mode]
[19:57:23] [Server thread/INFO]: Villager bss['Villager'/868769, l='ServerLevel[world]', x=-33.62, y=58.17, z=-71.90] died, message: 'Villager tried to swim in lava'
[19:57:23] [Server thread/INFO]: Villager bss['Villager'/868781, l='ServerLevel[world]', x=-32.44, y=57.23, z=-73.28] died, message: 'Villager tried to swim in lava'
[19:57:24] [Server thread/INFO]: Villager bss['Villager'/868779, l='ServerLevel[world]', x=-32.49, y=57.38, z=-73.84] died, message: 'Villager tried to swim in lava'
[19:57:25] [Server thread/INFO]: Villager bss['Villager'/868758, l='ServerLevel[world]', x=-33.02, y=58.26, z=-72.78] died, message: 'Villager tried to swim in lava'
[19:57:25] [Server thread/INFO]: Villager bss['Villager'/868810, l='ServerLevel[world]', x=-32.68, y=57.67, z=-73.85] died, message: 'Villager tried to swim in lava'
[19:57:26] [Server thread/INFO]: Villager bss['Villager'/868767, l='ServerLevel[world]', x=-36.47, y=59.00, z=-69.66] died, message: 'Villager burned to death'
[19:57:27] [Server thread/INFO]: Villager bss['Villager'/868782, l='ServerLevel[world]', x=-33.45, y=58.00, z=-75.70] died, message: 'Villager burned to death'
[19:57:33] [Server thread/INFO]: Villager bss['Villager'/868754, l='ServerLevel[world]', x=-38.50, y=61.00, z=-68.70] died, message: 'Villager burned to death'
[19:57:34] [Server thread/INFO]: Villager bss['Villager'/868768, l='ServerLevel[world]', x=-35.52, y=63.88, z=-63.88] died, message: 'Villager burned to death'
[19:57:53] [Server thread/INFO]: Villager bss['Villager'/868761, l='ServerLevel[world]', x=-37.52, y=62.88, z=-65.73] died, message: 'Villager burned to death'
[19:58:11] [Server thread/INFO]: Dougugu has made the advancement [Ice Bucket Challenge]
[19:59:34] [Server thread/INFO]: Villager bss['Villager'/869379, l='ServerLevel[world]', x=-238.62, y=87.41, z=-222.12] died, message: 'Villager tried to swim in lava'
[19:59:35] [Server thread/INFO]: Villager bss['Villager'/869383, l='ServerLevel[world]', x=-239.78, y=87.26, z=-219.95] died, message: 'Villager tried to swim in lava'
[19:59:35] [Server thread/INFO]: Villager bss['Villager'/869385, l='ServerLevel[world]', x=-239.65, y=87.04, z=-221.69] died, message: 'Villager tried to swim in lava'
[19:59:35] [Server thread/INFO]: Villager bss['Villager'/869388, l='ServerLevel[world]', x=-240.19, y=87.34, z=-220.71] died, message: 'Villager tried to swim in lava'
[19:59:36] [Server thread/INFO]: Villager bss['Villager'/869389, l='ServerLevel[world]', x=-238.24, y=87.43, z=-221.90] died, message: 'Villager tried to swim in lava'
[19:59:36] [Server thread/INFO]: Villager bss['Villager'/869390, l='ServerLevel[world]', x=-238.00, y=87.35, z=-220.23] died, message: 'Villager tried to swim in lava'
[19:59:36] [Server thread/INFO]: Villager bss['Villager'/869395, l='ServerLevel[world]', x=-239.68, y=87.20, z=-221.17] died, message: 'Villager tried to swim in lava'
[19:59:36] [Server thread/INFO]: Villager bss['Villager'/869396, l='ServerLevel[world]', x=-238.13, y=87.27, z=-221.38] died, message: 'Villager tried to swim in lava'
[19:59:36] [Server thread/INFO]: Villager bss['Villager'/869397, l='ServerLevel[world]', x=-238.95, y=87.17, z=-221.42] died, message: 'Villager tried to swim in lava'
[19:59:36] [Server thread/INFO]: Villager bss['Villager'/869398, l='ServerLevel[world]', x=-240.20, y=87.31, z=-219.77] died, message: 'Villager tried to swim in lava'
[19:59:36] [Server thread/INFO]: Villager bss['Villager'/869399, l='ServerLevel[world]', x=-238.06, y=87.54, z=-219.78] died, message: 'Villager tried to swim in lava'
[19:59:37] [Server thread/INFO]: Villager bss['Villager'/869400, l='ServerLevel[world]', x=-238.79, y=87.35, z=-219.17] died, message: 'Villager tried to swim in lava'
[19:59:37] [Server thread/INFO]: Villager bss['Villager'/869401, l='ServerLevel[world]', x=-239.46, y=87.02, z=-219.81] died, message: 'Villager tried to swim in lava'
[19:59:37] [Server thread/INFO]: Villager bss['Villager'/869402, l='ServerLevel[world]', x=-239.82, y=87.40, z=-219.91] died, message: 'Villager tried to swim in lava'
[19:59:37] [Server thread/INFO]: Villager bss['Villager'/869403, l='ServerLevel[world]', x=-238.70, y=87.33, z=-221.10] died, message: 'Villager tried to swim in lava'
[19:59:37] [Server thread/INFO]: Villager bss['Villager'/869405, l='ServerLevel[world]', x=-239.76, y=87.39, z=-220.36] died, message: 'Villager tried to swim in lava'
[19:59:37] [Server thread/INFO]: Villager bss['Villager'/869406, l='ServerLevel[world]', x=-239.76, y=87.16, z=-221.03] died, message: 'Villager tried to swim in lava'
[19:59:38] [Server thread/INFO]: Villager bss['Villager'/869407, l='ServerLevel[world]', x=-238.56, y=87.40, z=-219.67] died, message: 'Villager tried to swim in lava'
[19:59:38] [Server thread/INFO]: Villager bss['Villager'/869408, l='ServerLevel[world]', x=-239.50, y=87.20, z=-219.55] died, message: 'Villager tried to swim in lava'
[19:59:38] [Server thread/INFO]: Villager bss['Villager'/869409, l='ServerLevel[world]', x=-239.51, y=87.25, z=-221.28] died, message: 'Villager tried to swim in lava'
[19:59:38] [Server thread/INFO]: Villager bss['Villager'/869410, l='ServerLevel[world]', x=-239.90, y=87.31, z=-220.91] died, message: 'Villager tried to swim in lava'
[19:59:38] [Server thread/INFO]: Villager bss['Villager'/869411, l='ServerLevel[world]', x=-238.63, y=87.21, z=-221.07] died, message: 'Villager tried to swim in lava'
[19:59:38] [Server thread/INFO]: Villager bss['Villager'/869412, l='ServerLevel[world]', x=-239.64, y=87.28, z=-219.96] died, message: 'Villager tried to swim in lava'
[19:59:39] [Server thread/INFO]: Villager bss['Villager'/869415, l='ServerLevel[world]', x=-238.10, y=87.03, z=-221.27] died, message: 'Villager tried to swim in lava'
[19:59:39] [Server thread/INFO]: Villager bss['Villager'/869416, l='ServerLevel[world]', x=-238.62, y=87.24, z=-220.39] died, message: 'Villager tried to swim in lava'
[19:59:39] [Server thread/INFO]: Villager bss['Villager'/869420, l='ServerLevel[world]', x=-239.67, y=87.07, z=-221.26] died, message: 'Villager tried to swim in lava'
[19:59:39] [Server thread/INFO]: Villager bss['Villager'/869421, l='ServerLevel[world]', x=-239.97, y=87.05, z=-220.59] died, message: 'Villager tried to swim in lava'
[19:59:39] [Server thread/INFO]: Villager bss['Villager'/869422, l='ServerLevel[world]', x=-239.28, y=87.26, z=-220.41] died, message: 'Villager tried to swim in lava'
[19:59:40] [Server thread/INFO]: Villager bss['Villager'/869425, l='ServerLevel[world]', x=-239.70, y=87.09, z=-220.55] died, message: 'Villager tried to swim in lava'
[19:59:40] [Server thread/INFO]: Villager bss['Villager'/869435, l='ServerLevel[world]', x=-239.73, y=87.37, z=-220.97] died, message: 'Villager tried to swim in lava'
[19:59:40] [Server thread/INFO]: Villager bss['Villager'/869436, l='ServerLevel[world]', x=-238.98, y=87.21, z=-221.27] died, message: 'Villager tried to swim in lava'
[19:59:40] [Server thread/INFO]: Villager bss['Villager'/869437, l='ServerLevel[world]', x=-238.70, y=87.09, z=-221.55] died, message: 'Villager tried to swim in lava'
[19:59:40] [Server thread/INFO]: Villager bss['Villager'/869438, l='ServerLevel[world]', x=-239.47, y=87.07, z=-220.98] died, message: 'Villager tried to swim in lava'
[19:59:40] [Server thread/INFO]: Villager bss['Villager'/869439, l='ServerLevel[world]', x=-238.18, y=87.48, z=-219.89] died, message: 'Villager tried to swim in lava'
[19:59:41] [Server thread/INFO]: Villager bss['Villager'/869442, l='ServerLevel[world]', x=-239.89, y=87.17, z=-219.61] died, message: 'Villager tried to swim in lava'
[19:59:41] [Server thread/INFO]: Villager bss['Villager'/869444, l='ServerLevel[world]', x=-239.43, y=87.18, z=-219.49] died, message: 'Villager tried to swim in lava'
[19:59:41] [Server thread/INFO]: Villager bss['Villager'/869451, l='ServerLevel[world]', x=-239.98, y=87.20, z=-220.58] died, message: 'Villager tried to swim in lava'
[19:59:41] [Server thread/INFO]: Villager bss['Villager'/869452, l='ServerLevel[world]', x=-238.39, y=87.19, z=-221.27] died, message: 'Villager tried to swim in lava'
[19:59:41] [Server thread/INFO]: Villager bss['Villager'/869453, l='ServerLevel[world]', x=-238.11, y=87.45, z=-220.58] died, message: 'Villager tried to swim in lava'
[19:59:42] [Server thread/INFO]: Villager bss['Villager'/869454, l='ServerLevel[world]', x=-239.86, y=87.50, z=-220.13] died, message: 'Villager tried to swim in lava'
[19:59:42] [Server thread/INFO]: Villager bss['Villager'/869455, l='ServerLevel[world]', x=-239.54, y=87.44, z=-221.07] died, message: 'Villager tried to swim in lava'
[19:59:42] [Server thread/INFO]: Villager bss['Villager'/869456, l='ServerLevel[world]', x=-238.58, y=87.51, z=-219.62] died, message: 'Villager tried to swim in lava'
[19:59:42] [Server thread/INFO]: Villager bss['Villager'/869382, l='ServerLevel[world]', x=-250.19, y=92.00, z=-211.22] died, message: 'Villager burned to death'
[19:59:42] [Server thread/INFO]: Villager bss['Villager'/869384, l='ServerLevel[world]', x=-237.30, y=87.00, z=-219.30] died, message: 'Villager burned to death'
[19:59:42] [Server thread/INFO]: Villager bss['Villager'/869457, l='ServerLevel[world]', x=-239.35, y=87.37, z=-220.10] died, message: 'Villager tried to swim in lava'
[19:59:42] [Server thread/INFO]: Villager bss['Villager'/869386, l='ServerLevel[world]', x=-248.38, y=91.00, z=-217.39] died, message: 'Villager burned to death'
[19:59:42] [Server thread/INFO]: Villager bss['Villager'/869459, l='ServerLevel[world]', x=-239.77, y=87.16, z=-220.62] died, message: 'Villager tried to swim in lava'
[19:59:43] [Server thread/INFO]: Villager bss['Villager'/869426, l='ServerLevel[world]', x=-237.56, y=87.00, z=-220.88] died, message: 'Villager burned to death'
[19:59:43] [Server thread/INFO]: Villager bss['Villager'/869460, l='ServerLevel[world]', x=-239.30, y=86.70, z=-221.22] died, message: 'Villager tried to swim in lava'
[19:59:43] [Server thread/INFO]: Villager bss['Villager'/869462, l='ServerLevel[world]', x=-238.75, y=87.54, z=-220.27] died, message: 'Villager tried to swim in lava'
[19:59:43] [Server thread/INFO]: Villager bss['Villager'/869463, l='ServerLevel[world]', x=-238.83, y=87.12, z=-220.65] died, message: 'Villager tried to swim in lava'
[19:59:43] [Server thread/INFO]: Villager bss['Villager'/869465, l='ServerLevel[world]', x=-239.52, y=87.33, z=-220.96] died, message: 'Villager tried to swim in lava'
[19:59:45] [Server thread/INFO]: Villager bss['Villager'/869380, l='ServerLevel[world]', x=-257.54, y=93.77, z=-218.52] died, message: 'Villager burned to death'
[19:59:46] [Server thread/INFO]: Villager bss['Villager'/869387, l='ServerLevel[world]', x=-237.28, y=87.00, z=-220.40] died, message: 'Villager burned to death'
[20:00:58] [Server thread/INFO]: Villager bss['Villager'/869542, l='ServerLevel[world]', x=-223.21, y=61.00, z=-233.52] died, message: 'Villager was slain by Ravager'
[20:01:02] [Server thread/INFO]: Villager bss['Villager'/869557, l='ServerLevel[world]', x=-217.83, y=62.48, z=-234.30] died, message: 'Villager was slain by Ravager'
[20:01:12] [Server thread/INFO]: Villager bss['Villager'/869539, l='ServerLevel[world]', x=-202.51, y=55.00, z=-246.76] died, message: 'Villager was slain by Ravager'
[20:03:02] [Server thread/INFO]: Villager bss['Villager'/870853, l='ServerLevel[world]', x=-443.50, y=31.77, z=93.50] died, message: 'Villager tried to swim in lava'
[20:03:02] [Server thread/INFO]: Villager bss['Villager'/870896, l='ServerLevel[world]', x=-443.50, y=31.41, z=93.50] died, message: 'Villager tried to swim in lava'
[20:03:03] [Server thread/INFO]: Villager bss['Villager'/871128, l='ServerLevel[world]', x=-443.50, y=31.73, z=93.50] died, message: 'Villager tried to swim in lava'
[20:03:03] [Server thread/INFO]: Villager bss['Villager'/871129, l='ServerLevel[world]', x=-443.50, y=31.86, z=93.50] died, message: 'Villager tried to swim in lava'
[20:05:02] [Server thread/INFO]: [AnewSarah: Teleported AnewSarah to LLLLION]
[20:06:36] [Server thread/INFO]: Villager bss['Villager'/872552, l='ServerLevel[world]', x=-433.56, y=31.59, z=65.24] died, message: 'Villager tried to swim in lava'
[20:06:39] [Server thread/INFO]: Villager bss['Villager'/872575, l='ServerLevel[world]', x=-433.50, y=31.85, z=65.50] died, message: 'Villager tried to swim in lava'
[20:07:04] [Server thread/INFO]: [AnewSarah: Teleported AnewSarah to LLLLION]
[20:08:13] [Server thread/INFO]: [LLLLION: Teleported LLLLION to Dougugu]
[20:09:20] [Server thread/INFO]: LLLLION lost connection: Disconnected
[20:09:20] [Server thread/INFO]: LLLLION left the game
[20:09:24] [Server thread/INFO]: [AnewSarah: Teleported AnewSarah to Dougugu]
[20:11:24] [Server thread/INFO]: Dougugu lost connection: Disconnected
[20:11:24] [Server thread/INFO]: Dougugu left the game
[20:12:33] [Server thread/INFO]: AnewSarah lost connection: Disconnected
[20:12:33] [Server thread/INFO]: AnewSarah left the game
[21:18:08] [Server thread/INFO]: Unknown or incomplete command, see below for error
[21:18:08] [Server thread/INFO]:   stop<--[HERE]
[21:18:23] [Server thread/INFO]: Stopping the server
[21:18:23] [Server thread/INFO]: Stopping server
[21:18:23] [Server thread/INFO]: Saving players
[21:18:23] [Server thread/INFO]: Saving worlds
[21:18:23] [Server thread/INFO]: Saving chunks for level 'ServerLevel[world]'/minecraft:overworld
[21:18:24] [Server thread/INFO]: Saving chunks for level 'ServerLevel[world]'/minecraft:the_end
[21:18:24] [Server thread/INFO]: Saving chunks for level 'ServerLevel[world]'/minecraft:the_nether
[21:18:24] [Server thread/INFO]: ThreadedAnvilChunkStorage (world): All chunks are saved
[21:18:24] [Server thread/INFO]: ThreadedAnvilChunkStorage (DIM1): All chunks are saved
[21:18:24] [Server thread/INFO]: ThreadedAnvilChunkStorage (DIM-1): All chunks are saved
[21:18:24] [Server thread/INFO]: ThreadedAnvilChunkStorage: All dimensions are saved
